<?xml version="1.0" encoding="UTF-8" ?>
<testsuite failures="0" time="0.12" errors="0" skipped="0" tests="6" name="antexecutor.DocumentationTest">
  <properties>
[...]
</properties>
  <testcase time="0.05" classname="antexecutor.DocumentationTest" name="testDocumentationCreationIsOk"/>
  <testcase time="0" classname="antexecutor.DocumentationTest" name="testGenerateHelp"/>
  <testcase time="0" classname="antexecutor.DocumentationTest" name="testGenerateFo"/>
  <testcase time="0.02" classname="antexecutor.DocumentationTest" name="testCloneIsOk"/>
  <testcase time="0" classname="antexecutor.DocumentationTest" name="testGenerateOpenETCSPDF"/>
  <testcase time="0" classname="antexecutor.DocumentationTest" name="testGenerateTocDinamically"/>
</testsuite>